<?xml version="1.0" encoding="UTF-8"?>
<testsuite xmlns:xsi="http://www.w3.org/2001/XMLSchema-instance" xsi:noNamespaceSchemaLocation="https://maven.apache.org/surefire/maven-surefire-plugin/xsd/surefire-test-report-3.0.xsd" version="3.0" name="com.example.trafficapi.controller.AuthControllerIntegrationTest" time="6.594" tests="1" errors="0" skipped="0" failures="0">
  <properties>
[...]
</properties>
  <testcase name="testRegisterAndLogin" classname="com.example.trafficapi.controller.AuthControllerIntegrationTest" time="1.054">
    <system-out><![CDATA[13:55:34.388 [main] INFO org.springframework.test.context.support.AnnotationConfigContextLoaderUtils -- Could not detect default configuration classes for test class [com.example.trafficapi.controller.AuthControllerIntegrationTest]: AuthControllerIntegrationTest does not declare any static, non-private, non-final, nested classes annotated with @Configuration.
13:55:34.537 [main] INFO org.springframework.boot.test.context.SpringBootTestContextBootstrapper -- Found @SpringBootConfiguration com.example.trafficapi.TrafficApiApplication for test class com.example.trafficapi.controller.AuthControllerIntegrationTest

  .   ____          _            __ _ _
 /\\ / ___'_ __ _ _(_)_ __  __ _ \ \ \ \
( ( )\___ | '_ | '_| | '_ \/ _` | \ \ \ \
 \\/  ___)| |_)| | | | | || (_| |  ) ) ) )
  '  |____| .__|_| |_|_| |_\__, | / / / /
 =========|_|==============|___/=/_/_/_/
 :: Spring Boot ::                (v3.2.2)

2025-10-19T13:55:34.923-05:00  INFO 8664 --- [           main] c.e.t.c.AuthControllerIntegrationTest    : Starting AuthControllerIntegrationTest using Java 17.0.12 with PID 8664 (started by USER in C:\Users\USER\Downloads\traffic-api\traffic-api)
2025-10-19T13:55:34.926-05:00  INFO 8664 --- [           main] c.e.t.c.AuthControllerIntegrationTest    : No active profile set, falling back to 1 default profile: "default"
2025-10-19T13:55:35.770-05:00  INFO 8664 --- [           main] .s.d.r.c.RepositoryConfigurationDelegate : Bootstrapping Spring Data JPA repositories in DEFAULT mode.
2025-10-19T13:55:35.825-05:00  INFO 8664 --- [           main] .s.d.r.c.RepositoryConfigurationDelegate : Finished Spring Data repository scanning in 47 ms. Found 2 JPA repository interfaces.
2025-10-19T13:55:36.372-05:00  INFO 8664 --- [           main] o.hibernate.jpa.internal.util.LogHelper  : HHH000204: Processing PersistenceUnitInfo [name: default]
2025-10-19T13:55:36.452-05:00  INFO 8664 --- [           main] org.hibernate.Version                    : HHH000412: Hibernate ORM core version 6.4.1.Final
2025-10-19T13:55:36.497-05:00  INFO 8664 --- [           main] o.h.c.internal.RegionFactoryInitiator    : HHH000026: Second-level cache disabled
2025-10-19T13:55:36.811-05:00  INFO 8664 --- [           main] o.s.o.j.p.SpringPersistenceUnitInfo      : No LoadTimeWeaver setup: ignoring JPA class transformer
2025-10-19T13:55:36.843-05:00  INFO 8664 --- [           main] com.zaxxer.hikari.HikariDataSource       : HikariPool-1 - Starting...
2025-10-19T13:55:37.013-05:00  INFO 8664 --- [           main] com.zaxxer.hikari.pool.HikariPool        : HikariPool-1 - Added connection conn0: url=jdbc:h2:mem:kanbandb user=SA
2025-10-19T13:55:37.013-05:00  INFO 8664 --- [           main] com.zaxxer.hikari.HikariDataSource       : HikariPool-1 - Start completed.
2025-10-19T13:55:37.844-05:00  INFO 8664 --- [           main] o.h.e.t.j.p.i.JtaPlatformInitiator       : HHH000489: No JTA platform available (set 'hibernate.transaction.jta.platform' to enable JTA platform integration)
Hibernate: 
    create table infractions (
        id bigint generated by default as identity,
        amount float(53) not null,
        driver_id varchar(255) not null,
        driver_name varchar(255) not null,
        due_date timestamp(6),
        issued_at timestamp(6) not null,
        notes TEXT,
        officer_name varchar(255),
        status varchar(255) not null check (status in ('PENDING','IN_PROCESS','PAID')),
        type varchar(255) not null check (type in ('TYPE_A','TYPE_B','TYPE_C','TYPE_D','TYPE_E')),
        primary key (id)
    )
Hibernate: 
    create table users (
        id bigint generated by default as identity,
        password varchar(255) not null,
        role varchar(255) not null,
        username varchar(255) not null,
        primary key (id)
    )
Hibernate: 
    alter table if exists users 
       drop constraint if exists UK_r43af9ap4edm43mmtq01oddj6
Hibernate: 
    alter table if exists users 
       add constraint UK_r43af9ap4edm43mmtq01oddj6 unique (username)
2025-10-19T13:55:37.901-05:00  INFO 8664 --- [           main] j.LocalContainerEntityManagerFactoryBean : Initialized JPA EntityManagerFactory for persistence unit 'default'
2025-10-19T13:55:38.507-05:00  WARN 8664 --- [           main] JpaBaseConfiguration$JpaWebConfiguration : spring.jpa.open-in-view is enabled by default. Therefore, database queries may be performed during view rendering. Explicitly configure spring.jpa.open-in-view to disable this warning
2025-10-19T13:55:38.846-05:00  INFO 8664 --- [           main] o.s.s.web.DefaultSecurityFilterChain     : Will secure any request with [org.springframework.security.web.session.DisableEncodeUrlFilter@7c35d7d, org.springframework.security.web.context.request.async.WebAsyncManagerIntegrationFilter@24ccc91b, org.springframework.security.web.context.SecurityContextHolderFilter@5e0b7f58, org.springframework.security.web.header.HeaderWriterFilter@f3e6876, org.springframework.web.filter.CorsFilter@d0538b3, org.springframework.security.web.authentication.logout.LogoutFilter@63e4bbf9, com.example.trafficapi.security.JwtAuthenticationFilter@52bcfd10, org.springframework.security.web.savedrequest.RequestCacheAwareFilter@5fdff4f1, org.springframework.security.web.servletapi.SecurityContextHolderAwareRequestFilter@117be84a, org.springframework.security.web.authentication.AnonymousAuthenticationFilter@3b8c15de, org.springframework.security.web.session.SessionManagementFilter@2e7dd504, org.springframework.security.web.access.ExceptionTranslationFilter@257da215, org.springframework.security.web.access.intercept.AuthorizationFilter@60493524]
2025-10-19T13:55:39.177-05:00  INFO 8664 --- [           main] o.s.b.a.h2.H2ConsoleAutoConfiguration    : H2 console available at '/h2-console'. Database available at 'jdbc:h2:mem:kanbandb'
2025-10-19T13:55:39.237-05:00  INFO 8664 --- [           main] o.s.b.t.m.w.SpringBootMockServletContext : Initializing Spring TestDispatcherServlet ''
2025-10-19T13:55:39.237-05:00  INFO 8664 --- [           main] o.s.t.web.servlet.TestDispatcherServlet  : Initializing Servlet ''
2025-10-19T13:55:39.237-05:00  INFO 8664 --- [           main] o.s.t.web.servlet.TestDispatcherServlet  : Completed initialization in 0 ms
2025-10-19T13:55:39.264-05:00  INFO 8664 --- [           main] c.e.t.c.AuthControllerIntegrationTest    : Started AuthControllerIntegrationTest in 4.576 seconds (process running for 5.71)
Hibernate: 
    select
        u1_0.id,
        u1_0.password,
        u1_0.role,
        u1_0.username 
    from
        users u1_0 
    where
        u1_0.username=?
Hibernate: 
    insert 
    into
        users
        (password, role, username, id) 
    values
        (?, ?, ?, default)
Usuario admin creado con contraseña 'admin123'
Hibernate: 
    select
        count(*) 
    from
        infractions i1_0
Hibernate: 
    insert 
    into
        infractions
        (amount, driver_id, driver_name, due_date, issued_at, notes, officer_name, status, type, id) 
    values
        (?, ?, ?, ?, ?, ?, ?, ?, ?, default)
Hibernate: 
    insert 
    into
        infractions
        (amount, driver_id, driver_name, due_date, issued_at, notes, officer_name, status, type, id) 
    values
        (?, ?, ?, ?, ?, ?, ?, ?, ?, default)
Hibernate: 
    insert 
    into
        infractions
        (amount, driver_id, driver_name, due_date, issued_at, notes, officer_name, status, type, id) 
    values
        (?, ?, ?, ?, ?, ?, ?, ?, ?, default)
Hibernate: 
    insert 
    into
        infractions
        (amount, driver_id, driver_name, due_date, issued_at, notes, officer_name, status, type, id) 
    values
        (?, ?, ?, ?, ?, ?, ?, ?, ?, default)
Hibernate: 
    insert 
    into
        infractions
        (amount, driver_id, driver_name, due_date, issued_at, notes, officer_name, status, type, id) 
    values
        (?, ?, ?, ?, ?, ?, ?, ?, ?, default)
Infracciones de prueba creadas!
Hibernate: 
    select
        u1_0.id,
        u1_0.password,
        u1_0.role,
        u1_0.username 
    from
        users u1_0
Hibernate: 
    delete 
    from
        users 
    where
        id=?
Hibernate: 
    insert 
    into
        users
        (password, role, username, id) 
    values
        (?, ?, ?, default)
Hibernate: 
    select
        u1_0.id,
        u1_0.password,
        u1_0.role,
        u1_0.username 
    from
        users u1_0 
    where
        u1_0.username=?
Hibernate: 
    select
        u1_0.id,
        u1_0.password,
        u1_0.role,
        u1_0.username 
    from
        users u1_0 
    where
        u1_0.username=?
Hibernate: 
    select
        u1_0.id,
        u1_0.password,
        u1_0.role,
        u1_0.username 
    from
        users u1_0 
    where
        u1_0.username=?
]]></system-out>
  </testcase>
</testsuite>